------------------------------------------------------------------------------------------------------------------------
      name:  <unnamed>
       log:  /Users/kahrens/MyProjects/statalasso_website/static/dofiles/parallel.log
  log type:  text
 opened on:  27 Nov 2022, 12:24:41

. 
. insheet using ///
>     https://archive.ics.uci.edu/ml/machine-learning-databases/spambase/spambase.data, ///
>     clear comma
(58 vars, 4,601 obs)

. 
. set seed 42

. gen uni=runiform()

. sort uni

. 
. timer on 1

. pystacked v58 v1-v57, type(class) methods(rf gradboost nnet) ///
>             cmdopt1(n_estimators(1000))

Stacking weights:
---------------------------------------
  Method         |      Weight
-----------------+---------------------
  rf             |      0.3698014
  gradboost      |      0.5437376
  nnet           |      0.0864610

. timer off 1

. 
. timer on 2

. pystacked v58 v1-v57, type(class) methods(rf gradboost nnet) ///
>             cmdopt1(n_jobs(-1) n_estimators(1000))

Stacking weights:
---------------------------------------
  Method         |      Weight
-----------------+---------------------
  rf             |      0.3293277
  gradboost      |      0.5661072
  nnet           |      0.1045651

. timer off 2

. 
. timer on 3

. pystacked v58 v1-v57, type(class) methods(rf gradboost nnet) ///
>             cmdopt1(n_estimators(1000)) njobs(-1)

Stacking weights:
---------------------------------------
  Method         |      Weight
-----------------+---------------------
  rf             |      0.3514905
  gradboost      |      0.5024690
  nnet           |      0.1460405

. timer off 3

. 
. timer list
   1:    196.95 /        1 =     196.9510
   2:     30.01 /        1 =      30.0140
   3:     83.05 /        1 =      83.0450

. 
end of do-file

. help pystacked

. do "/var/folders/0w/r8yclchd52bfwbf8l00fkkrr0000gs/T//SD30326.000000"

. clear all 

. 
. adopath ++ /Users/kahrens/MyProjects/pystacked/ 
  [1]              "/Users/kahrens/MyProjects/pystacked/"
  [2]  (BASE)      "/Applications/Stata 17/ado/base/"
  [3]  (SITE)      "/Applications/Stata 17/ado/site/"
  [4]              "."
  [5]  (PERSONAL)  "/Users/kahrens/Documents/Stata/ado/personal/"
  [6]  (PLUS)      "/Users/kahrens/Library/Application Support/Stata/ado/plus/"
  [7]  (OLDPLACE)  "~/ado/"
  [8]              "/Users/kahrens/MyProjects/ddml"
  [9]              "/Users/kahrens/MyProjects/pystacked"

. 
. 
. cap cd /Users/kahrens/MyProjects/statalasso_website/static/dofiles/

. 
. cap log close
